<?xml version="1.0" encoding="UTF-8"?>
<!-- Generated by org.testng.reporters.JUnitXMLReporter -->
<testsuite ignored="0" hostname="DESKTOP-G7U7UDE" failures="0" tests="3" name="SaucedemoTestAutomation" time="4.582" errors="0" timestamp="2023-04-26T14:28:57 EDT">
  <testcase classname="com.saucedemo.qa.testcases.LoginPageTest" name="loginPageTitleTest" time="0.013"/>
  <testcase classname="com.saucedemo.qa.testcases.LoginPageTest" name="swagLogoTest" time="0.042"/>
  <testcase classname="com.saucedemo.qa.testcases.LoginPageTest" name="loginTest" time="0.282"/>
</testsuite> <!-- SaucedemoTestAutomation -->
