<?xml version="1.0" encoding="UTF-8"?>
<testng-results ignored="0" total="3" passed="3" failed="0" skipped="0">
  <reporter-output>
  </reporter-output>
  <suite started-at="2023-04-26T14:28:52 EDT" name="Default Suite" finished-at="2023-04-26T14:28:57 EDT" duration-ms="4582">
    <groups>
    </groups>
    <test started-at="2023-04-26T14:28:52 EDT" name="SaucedemoTestAutomation" finished-at="2023-04-26T14:28:57 EDT" duration-ms="4582">
      <class name="com.saucedemo.qa.testcases.LoginPageTest">
        <test-method is-config="true" signature="setUp()[pri:0, instance:com.saucedemo.qa.testcases.LoginPageTest@229d10bd]" started-at="2023-04-26T14:28:52 EDT" name="setUp" finished-at="2023-04-26T14:28:57 EDT" duration-ms="4063" status="PASS">
          <reporter-output>
          </reporter-output>
        </test-method> <!-- setUp -->
        <test-method signature="loginPageTitleTest()[pri:1, instance:com.saucedemo.qa.testcases.LoginPageTest@229d10bd]" started-at="2023-04-26T14:28:57 EDT" name="loginPageTitleTest" finished-at="2023-04-26T14:28:57 EDT" duration-ms="13" status="PASS">
          <reporter-output>
          </reporter-output>
        </test-method> <!-- loginPageTitleTest -->
        <test-method signature="swagLogoTest()[pri:2, instance:com.saucedemo.qa.testcases.LoginPageTest@229d10bd]" started-at="2023-04-26T14:28:57 EDT" name="swagLogoTest" finished-at="2023-04-26T14:28:57 EDT" duration-ms="42" status="PASS">
          <reporter-output>
          </reporter-output>
        </test-method> <!-- swagLogoTest -->
        <test-method signature="loginTest()[pri:3, instance:com.saucedemo.qa.testcases.LoginPageTest@229d10bd]" started-at="2023-04-26T14:28:57 EDT" name="loginTest" finished-at="2023-04-26T14:28:57 EDT" duration-ms="282" status="PASS">
          <reporter-output>
          </reporter-output>
        </test-method> <!-- loginTest -->
        <test-method is-config="true" signature="tearDown()[pri:0, instance:com.saucedemo.qa.testcases.LoginPageTest@229d10bd]" started-at="2023-04-26T14:28:57 EDT" name="tearDown" finished-at="2023-04-26T14:28:57 EDT" duration-ms="138" status="PASS">
          <reporter-output>
          </reporter-output>
        </test-method> <!-- tearDown -->
      </class> <!-- com.saucedemo.qa.testcases.LoginPageTest -->
    </test> <!-- SaucedemoTestAutomation -->
  </suite> <!-- Default Suite -->
</testng-results>
